<?xml version="1.0" encoding="UTF-8"?>
<!-- Generated by org.testng.reporters.JUnitReportReporter -->
<testsuite hostname="DESKTOP-P8L2QU5" failures="0" tests="1" name="test.TestCaseHomePage" time="1.602" errors="0" timestamp="2020-03-09T14:49:38 EET" skipped="0">
  <testcase classname="test.TestCaseHomePage" name="SiteTest" time="1.602"/>
  <system-out/>
</testsuite> <!-- test.TestCaseHomePage -->
